2026-02-05 14:04:38,859 - INFO - Logging system is working!
2026-02-05 14:32:41,039 - INFO - Placing order: {'symbol': 'BTCUSDT', 'side': 'SELL', 'type': 'MARKET', 'quantity': 0.001}
2026-02-05 14:32:41,679 - ERROR - Order failed: APIError(code=-2014): API-key format invalid.
2026-02-05 14:32:41,679 - ERROR - APIError(code=-2014): API-key format invalid.
2026-02-05 14:40:20,714 - INFO - Placing order: {'symbol': 'BTCUSDT', 'side': 'SELL', 'type': 'MARKET', 'quantity': 0.001}
2026-02-05 14:40:21,188 - ERROR - Order failed: APIError(code=-1021): Timestamp for this request is outside of the recvWindow.
2026-02-05 14:40:21,189 - ERROR - APIError(code=-1021): Timestamp for this request is outside of the recvWindow.
2026-02-05 14:41:02,717 - INFO - Logging system is working!
2026-02-05 14:45:26,756 - INFO - Placing order: {'symbol': 'BTCUSDT', 'side': 'SELL', 'type': 'MARKET', 'quantity': 0.001}
2026-02-05 14:45:27,277 - ERROR - Order failed: APIError(code=-1021): Timestamp for this request is outside of the recvWindow.
2026-02-05 14:45:27,277 - ERROR - APIError(code=-1021): Timestamp for this request is outside of the recvWindow.
2026-02-05 14:51:06,171 - INFO - Placing order: {'symbol': 'BTCUSDT', 'side': 'SELL', 'type': 'MARKET', 'quantity': 0.001}
2026-02-05 14:51:06,600 - ERROR - Order failed: APIError(code=-4164): Order's notional must be no smaller than 100 (unless you choose reduce only).
2026-02-05 14:51:06,601 - ERROR - APIError(code=-4164): Order's notional must be no smaller than 100 (unless you choose reduce only).
2026-02-05 14:52:43,043 - INFO - Placing order: {'symbol': 'BTCUSDT', 'side': 'SELL', 'type': 'MARKET', 'quantity': 0.002}
2026-02-05 14:52:43,636 - INFO - Order response: {'orderId': 12125962532, 'symbol': 'BTCUSDT', 'status': 'NEW', 'clientOrderId': 'BE980z7OPECr5UTSRNy9PO', 'price': '0.00', 'avgPrice': '0.00', 'origQty': '0.002', 'executedQty': '0.000', 'cumQty': '0.000', 'cumQuote': '0.00000', 'timeInForce': 'GTC', 'type': 'MARKET', 'reduceOnly': False, 'closePosition': False, 'side': 'SELL', 'positionSide': 'BOTH', 'stopPrice': '0.00', 'workingType': 'CONTRACT_PRICE', 'priceProtect': False, 'origType': 'MARKET', 'priceMatch': 'NONE', 'selfTradePreventionMode': 'EXPIRE_MAKER', 'goodTillDate': 0, 'updateTime': 1770283363561}
2026-02-05 14:54:05,866 - INFO - Placing order: {'symbol': 'BTCUSDT', 'side': 'BUY', 'type': 'LIMIT', 'quantity': 0.002, 'price': 60000.0, 'timeInForce': 'GTC'}
2026-02-05 14:54:06,247 - INFO - Order response: {'orderId': 12125972074, 'symbol': 'BTCUSDT', 'status': 'NEW', 'clientOrderId': 'qM1czzPTjGBcCPfFNu0eWc', 'price': '60000.00', 'avgPrice': '0.00', 'origQty': '0.002', 'executedQty': '0.000', 'cumQty': '0.000', 'cumQuote': '0.00000', 'timeInForce': 'GTC', 'type': 'LIMIT', 'reduceOnly': False, 'closePosition': False, 'side': 'BUY', 'positionSide': 'BOTH', 'stopPrice': '0.00', 'workingType': 'CONTRACT_PRICE', 'priceProtect': False, 'origType': 'LIMIT', 'priceMatch': 'NONE', 'selfTradePreventionMode': 'EXPIRE_MAKER', 'goodTillDate': 0, 'updateTime': 1770283446173}
2026-02-05 15:01:21,169 - INFO - Placing order: {'symbol': 'BTCUSDT', 'side': 'BUY', 'type': 'LIMIT', 'quantity': 0.002, 'price': 60000.0, 'timeInForce': 'GTC'}
2026-02-05 15:01:21,877 - INFO - Order response: {'orderId': 12126015546, 'symbol': 'BTCUSDT', 'status': 'NEW', 'clientOrderId': 'yFqCyROrIVJGT6d7AL0X9e', 'price': '60000.00', 'avgPrice': '0.00', 'origQty': '0.002', 'executedQty': '0.000', 'cumQty': '0.000', 'cumQuote': '0.00000', 'timeInForce': 'GTC', 'type': 'LIMIT', 'reduceOnly': False, 'closePosition': False, 'side': 'BUY', 'positionSide': 'BOTH', 'stopPrice': '0.00', 'workingType': 'CONTRACT_PRICE', 'priceProtect': False, 'origType': 'LIMIT', 'priceMatch': 'NONE', 'selfTradePreventionMode': 'EXPIRE_MAKER', 'goodTillDate': 0, 'updateTime': 1770283881758}
2026-02-05 15:12:39,231 - INFO - Placing order: {'symbol': 'BTCUSDT', 'side': 'SELL', 'type': 'MARKET', 'quantity': 0.002}
2026-02-05 15:12:39,646 - INFO - Order response: {'orderId': 12126074694, 'symbol': 'BTCUSDT', 'status': 'NEW', 'clientOrderId': 'n4A7jUXS4SUW8nTBiyTpZe', 'price': '0.00', 'avgPrice': '0.00', 'origQty': '0.002', 'executedQty': '0.000', 'cumQty': '0.000', 'cumQuote': '0.00000', 'timeInForce': 'GTC', 'type': 'MARKET', 'reduceOnly': False, 'closePosition': False, 'side': 'SELL', 'positionSide': 'BOTH', 'stopPrice': '0.00', 'workingType': 'CONTRACT_PRICE', 'priceProtect': False, 'origType': 'MARKET', 'priceMatch': 'NONE', 'selfTradePreventionMode': 'EXPIRE_MAKER', 'goodTillDate': 0, 'updateTime': 1770284559545}
2026-02-05 15:12:48,273 - INFO - Placing order: {'symbol': 'BTCUSDT', 'side': 'BUY', 'type': 'LIMIT', 'quantity': 0.002, 'price': 60000.0, 'timeInForce': 'GTC'}
2026-02-05 15:12:48,530 - INFO - Order response: {'orderId': 12126075360, 'symbol': 'BTCUSDT', 'status': 'NEW', 'clientOrderId': 'yptAS9dcOWsB1KZUm9Apg1', 'price': '60000.00', 'avgPrice': '0.00', 'origQty': '0.002', 'executedQty': '0.000', 'cumQty': '0.000', 'cumQuote': '0.00000', 'timeInForce': 'GTC', 'type': 'LIMIT', 'reduceOnly': False, 'closePosition': False, 'side': 'BUY', 'positionSide': 'BOTH', 'stopPrice': '0.00', 'workingType': 'CONTRACT_PRICE', 'priceProtect': False, 'origType': 'LIMIT', 'priceMatch': 'NONE', 'selfTradePreventionMode': 'EXPIRE_MAKER', 'goodTillDate': 0, 'updateTime': 1770284568447}
